e:\documents\visual studio 2013\projects\commander\commander\debug\vc120.pdb
e:\documents\visual studio 2013\projects\commander\commander\debug\vc120.idb
e:\documents\visual studio 2013\projects\commander\commander\debug\main.obj
e:\documents\visual studio 2013\projects\commander\commander\debug\commander.obj
e:\documents\visual studio 2015\projects\commander\commander\debug\vc140.pdb
e:\documents\visual studio 2015\projects\commander\commander\debug\vc140.idb
e:\documents\visual studio 2015\projects\commander\commander\debug\main.obj
e:\documents\visual studio 2015\projects\commander\commander\debug\commander.obj
e:\documents\visual studio 2013\projects\commander\debug\commander.ilk
e:\documents\visual studio 2013\projects\commander\debug\commander.exe
e:\documents\visual studio 2013\projects\commander\debug\commander.pdb
e:\documents\visual studio 2015\projects\commander\debug\commander.ilk
e:\documents\visual studio 2015\projects\commander\debug\commander.exe
e:\documents\visual studio 2015\projects\commander\debug\commander.pdb
e:\documents\visual studio 2015\projects\commander\commander\debug\vc120.idb
e:\documents\visual studio 2015\projects\commander\commander\debug\vc120.pdb
e:\documents\visual studio 2015\projects\commander\commander\debug\commander.tlog\cl.command.1.tlog
e:\documents\visual studio 2015\projects\commander\commander\debug\commander.tlog\cl.read.1.tlog
e:\documents\visual studio 2015\projects\commander\commander\debug\commander.tlog\cl.write.1.tlog
e:\documents\visual studio 2015\projects\commander\commander\debug\commander.tlog\link.command.1.tlog
e:\documents\visual studio 2015\projects\commander\commander\debug\commander.tlog\link.read.1.tlog
e:\documents\visual studio 2015\projects\commander\commander\debug\commander.tlog\link.write.1.tlog
