d:\documents\visual studio 2013\projects\blackjack\blackjack\debug\vc120.pdb
d:\documents\visual studio 2013\projects\blackjack\blackjack\debug\vc120.idb
d:\documents\visual studio 2013\projects\blackjack\blackjack\debug\main.obj
d:\documents\visual studio 2013\projects\blackjack\blackjack\debug\card.obj
d:\documents\visual studio 2013\projects\blackjack\blackjack\debug\deck.obj
d:\documents\visual studio 2013\projects\blackjack\debug\blackjack.pdb
d:\documents\visual studio 2013\projects\blackjack\blackjack\debug\blackjack.tlog\cl.command.1.tlog
d:\documents\visual studio 2013\projects\blackjack\blackjack\debug\blackjack.tlog\cl.read.1.tlog
d:\documents\visual studio 2013\projects\blackjack\blackjack\debug\blackjack.tlog\cl.write.1.tlog
d:\documents\visual studio 2013\projects\blackjack\blackjack\debug\blackjack.tlog\link-cvtres.read.1.tlog
d:\documents\visual studio 2013\projects\blackjack\blackjack\debug\blackjack.tlog\link-cvtres.write.1.tlog
d:\documents\visual studio 2013\projects\blackjack\blackjack\debug\blackjack.tlog\link-rc.read.1.tlog
d:\documents\visual studio 2013\projects\blackjack\blackjack\debug\blackjack.tlog\link-rc.write.1.tlog
d:\documents\visual studio 2013\projects\blackjack\blackjack\debug\blackjack.tlog\link.6612-cvtres.read.1.tlog
d:\documents\visual studio 2013\projects\blackjack\blackjack\debug\blackjack.tlog\link.6612-cvtres.write.1.tlog
d:\documents\visual studio 2013\projects\blackjack\blackjack\debug\blackjack.tlog\link.6612-rc.read.1.tlog
d:\documents\visual studio 2013\projects\blackjack\blackjack\debug\blackjack.tlog\link.6612-rc.write.1.tlog
d:\documents\visual studio 2013\projects\blackjack\blackjack\debug\blackjack.tlog\link.6612.read.1.tlog
d:\documents\visual studio 2013\projects\blackjack\blackjack\debug\blackjack.tlog\link.6612.write.1.tlog
d:\documents\visual studio 2013\projects\blackjack\blackjack\debug\blackjack.tlog\link.command.1.tlog
d:\documents\visual studio 2013\projects\blackjack\blackjack\debug\blackjack.tlog\link.read.1.tlog
d:\documents\visual studio 2013\projects\blackjack\blackjack\debug\blackjack.tlog\link.write.1.tlog
